Flutter crash report; please file at https://github.com/flutter/flutter/issues.

## command

flutter build ios --debug

## exception

FileSystemException: FileSystemException: Deletion failed, path = '/Users/zz/Desktop/FlutterForFW/MyFlutterPod/flutter_module_for_ios/.ios' (OS Error: Directory not empty, errno = 66)

```
#0      _Directory._deleteSync (dart:io/directory_impl.dart:208:7)
#1      FileSystemEntity.deleteSync (dart:io/file_system_entity.dart:460:47)
#2      ForwardingFileSystemEntity.deleteSync (package:file/src/forwarding/forwarding_file_system_entity.dart:72:16)
#3      _deleteIfExistsSync (package:flutter_tools/src/project.dart:822:15)
#4      IosProject._regenerateFromTemplateIfNeeded (package:flutter_tools/src/project.dart:493:5)
#5      IosProject.ensureReadyForPlatformSpecificTooling (package:flutter_tools/src/project.dart:463:11)
#6      FlutterProject.ensureReadyForPlatformSpecificTooling (package:flutter_tools/src/project.dart:215:17)
<asynchronous suspension>
#7      FlutterCommand.verifyThenRunCommand (package:flutter_tools/src/runner/flutter_command.dart:708:21)
<asynchronous suspension>
#8      FlutterCommand.run.<anonymous closure> (package:flutter_tools/src/runner/flutter_command.dart:620:33)
<asynchronous suspension>
#9      FlutterCommand.run.<anonymous closure> (package:flutter_tools/src/runner/flutter_command.dart)
#10     AppContext.run.<anonymous closure> (package:flutter_tools/src/base/context.dart:150:29)
#11     _rootRun (dart:async/zone.dart:1184:13)
#12     _CustomZone.run (dart:async/zone.dart:1077:19)
#13     _runZoned (dart:async/zone.dart:1619:10)
#14     runZoned (dart:async/zone.dart:1539:10)
#15     AppContext.run (package:flutter_tools/src/base/context.dart:149:18)
#16     FlutterCommand.run (package:flutter_tools/src/runner/flutter_command.dart:610:20)
#17     CommandRunner.runCommand (package:args/command_runner.dart:197:27)
#18     FlutterCommandRunner.runCommand.<anonymous closure> (package:flutter_tools/src/runner/flutter_command_runner.dart:339:21)
<asynchronous suspension>
#19     FlutterCommandRunner.runCommand.<anonymous closure> (package:flutter_tools/src/runner/flutter_command_runner.dart)
#20     AppContext.run.<anonymous closure> (package:flutter_tools/src/base/context.dart:150:29)
#21     _rootRun (dart:async/zone.dart:1184:13)
#22     _CustomZone.run (dart:async/zone.dart:1077:19)
#23     _runZoned (dart:async/zone.dart:1619:10)
#24     runZoned (dart:async/zone.dart:1539:10)
#25     AppContext.run (package:flutter_tools/src/base/context.dart:149:18)
#26     FlutterCommandRunner.runCommand (package:flutter_tools/src/runner/flutter_command_runner.dart:288:19)
#27     CommandRunner.run.<anonymous closure> (package:args/command_runner.dart:112:25)
#28     new Future.sync (dart:async/future.dart:224:31)
#29     CommandRunner.run (package:args/command_runner.dart:112:14)
#30     FlutterCommandRunner.run (package:flutter_tools/src/runner/flutter_command_runner.dart:231:18)
#31     run.<anonymous closure>.<anonymous closure> (package:flutter_tools/runner.dart:63:22)
#32     _rootRun (dart:async/zone.dart:1184:13)
#33     _CustomZone.run (dart:async/zone.dart:1077:19)
#34     _runZoned (dart:async/zone.dart:1619:10)
#35     runZonedGuarded (dart:async/zone.dart:1608:12)
#36     runZoned (dart:async/zone.dart:1536:12)
#37     run.<anonymous closure> (package:flutter_tools/runner.dart:61:18)
<asynchronous suspension>
#38     run.<anonymous closure> (package:flutter_tools/runner.dart)
#39     runInContext.runnerWrapper (package:flutter_tools/src/context_runner.dart:64:18)
<asynchronous suspension>
#40     runInContext.runnerWrapper (package:flutter_tools/src/context_runner.dart)
#41     AppContext.run.<anonymous closure> (package:flutter_tools/src/base/context.dart:150:29)
#42     _rootRun (dart:async/zone.dart:1184:13)
#43     _CustomZone.run (dart:async/zone.dart:1077:19)
#44     _runZoned (dart:async/zone.dart:1619:10)
#45     runZoned (dart:async/zone.dart:1539:10)
#46     AppContext.run (package:flutter_tools/src/base/context.dart:149:18)
#47     runInContext (package:flutter_tools/src/context_runner.dart:67:24)
#48     run (package:flutter_tools/runner.dart:48:10)
#49     main (package:flutter_tools/executable.dart:69:9)
#50     main (file:///b/s/w/ir/k/archive/flutter/packages/flutter_tools/bin/flutter_tools.dart:8:3)
#51     _startIsolate.<anonymous closure> (dart:isolate-patch/isolate_patch.dart:299:32)
#52     _RawReceivePortImpl._handleMessage (dart:isolate-patch/isolate_patch.dart:168:12)
```

## flutter doctor

```
[✓] Flutter (Channel stable, v1.17.5, on Mac OS X 10.15.3 19D76, locale
    zh-Hans-CN)
    • Flutter version 1.17.5 at /Applications/flutter
    • Framework revision 8af6b2f038 (13 days ago), 2020-06-30 12:53:55 -0700
    • Engine revision ee76268252
    • Dart version 2.8.4

[✓] Android toolchain - develop for Android devices (Android SDK version 30.0.0)
    • Android SDK at /Users/zz/Library/Android/sdk
    • Platform android-30, build-tools 30.0.0
    • Java binary at: /Applications/Android
      Studio.app/Contents/jre/jdk/Contents/Home/bin/java
    • Java version OpenJDK Runtime Environment (build
      1.8.0_152-release-1248-b01)
    • All Android licenses accepted.

[✓] Xcode - develop for iOS and macOS (Xcode 11.3.1)
    • Xcode at /Volumes/hym/Xcode.app/Contents/Developer
    • Xcode 11.3.1, Build version 11C504
    • CocoaPods version 1.9.1

[✓] Android Studio (version 3.3)
    • Android Studio at /Applications/Android Studio.app/Contents
    • Flutter plugin version 34.0.1
    • Dart plugin version 182.5215
    • Java version OpenJDK Runtime Environment (build
      1.8.0_152-release-1248-b01)

[✓] Connected device (1 available)
    • iPhoneZ • 1f7cdf767671ed762679f480d767162755c9e3f1 • ios • iOS 13.3.1

• No issues found!
```
